#
# A fatal error has been detected by the Java Runtime Environment:
#
#  EXCEPTION_ACCESS_VIOLATION (0xc0000005) at pc=0x00007ffedb5d5bee, pid=10364, tid=9144
#
# JRE version: OpenJDK Runtime Environment Microsoft-8035246 (17.0.8+7) (build 17.0.8+7-LTS)
# Java VM: OpenJDK 64-Bit Server VM Microsoft-8035246 (17.0.8+7-LTS, mixed mode, sharing, tiered, compressed oops, compressed class ptrs, g1 gc, windows-amd64)
# Problematic frame:
# V  [jvm.dll+0x125bee]
#
# No core dump will be written. Minidumps are not enabled by default on client versions of Windows
#
# If you would like to submit a bug report, please visit:
#   https://github.com/microsoft/openjdk/issues
#

---------------  S U M M A R Y ------------

Command Line: -XX:MaxMetaspaceSize=512m --add-opens=java.base/java.util=ALL-UNNAMED --add-opens=java.base/java.lang=ALL-UNNAMED --add-opens=java.base/java.lang.invoke=ALL-UNNAMED --add-opens=java.prefs/java.util.prefs=ALL-UNNAMED --add-opens=java.base/java.nio.charset=ALL-UNNAMED --add-opens=java.base/java.net=ALL-UNNAMED --add-opens=java.base/java.util.concurrent.atomic=ALL-UNNAMED -Xmx2048m -Dfile.encoding=windows-1252 -Duser.country=US -Duser.language=en -Duser.variant org.gradle.launcher.daemon.bootstrap.GradleDaemon 8.0.1

Host: Intel(R) Core(TM) i7-4790 CPU @ 3.60GHz, 8 cores, 11G,  Windows 10 , 64 bit Build 19041 (10.0.19041.3636)
Time: Thu May 30 15:26:16 2024 Pakistan Standard Time elapsed time: 10.637112 seconds (0d 0h 0m 10s)

---------------  T H R E A D  ---------------

Current thread (0x0000021da4bde580):  JavaThread "C2 CompilerThread1" daemon [_thread_in_native, id=9144, stack(0x0000006c9c900000,0x0000006c9ca00000)]


Current CompileTask:
C2:  10637 5370   !   4       com.google.common.reflect.TypeVisitor::visit (244 bytes)

Stack: [0x0000006c9c900000,0x0000006c9ca00000],  sp=0x0000006c9c9fba70,  free space=1006k
Native frames: (J=compiled Java code, j=interpreted, Vv=VM code, C=native code)
V  [jvm.dll+0x125bee]
V  [jvm.dll+0x124eb4]
V  [jvm.dll+0x6816d5]
V  [jvm.dll+0x21a508]
V  [jvm.dll+0x219551]
V  [jvm.dll+0x1a56b6]
V  [jvm.dll+0x2291ea]
V  [jvm.dll+0x22724c]
V  [jvm.dll+0x7efd0c]
V  [jvm.dll+0x7ea13a]
V  [jvm.dll+0x67ad85]
C  [ucrtbase.dll+0x21bb2]
C  [KERNEL32.DLL+0x17344]
C  [ntdll.dll+0x526b1]


siginfo: EXCEPTION_ACCESS_VIOLATION (0xc0000005), reading address 0x0000000000000028


Register to memory mapping:

RIP=0x00007ffedb5d5bee jvm.dll
RAX=0x0000021da178cbc0 points into unknown readable memory: 0xffffffffffffffff | ff ff ff ff ff ff ff ff
RBX=0x0000021d9fce8e60 points into unknown readable memory: 0x00007ffedbd5c688 | 88 c6 d5 db fe 7f 00 00
RCX=0x0000000000000001 is an unknown value
RDX=0xffffffffffffffff is an unknown value
RSP=0x0000006c9c9fba70 is pointing into the stack for thread: 0x0000021da4bde580
RBP=0x0 is NULL
RSI=0x0000021da3052ec8 points into unknown readable memory: 0x00000000c0003003 | 03 30 00 c0 00 00 00 00
RDI=0x0000000000000001 is an unknown value
R8 =0xffffffffffffffff is an unknown value
R9 =0x0 is NULL
R10=0x0000006c9c9fc070 is pointing into the stack for thread: 0x0000021da4bde580
R11=0x0000006c9c9fba30 is pointing into the stack for thread: 0x0000021da4bde580
R12=0x0000000000000002 is an unknown value
R13=0x0000000000000002 is an unknown value
R14=0x0000021d9fce8e60 points into unknown readable memory: 0x00007ffedbd5c688 | 88 c6 d5 db fe 7f 00 00
R15=0x0000021d9f8feda8 points into unknown readable memory: 0x00007ffedbd66838 | 38 68 d6 db fe 7f 00 00


Registers:
RAX=0x0000021da178cbc0, RBX=0x0000021d9fce8e60, RCX=0x0000000000000001, RDX=0xffffffffffffffff
RSP=0x0000006c9c9fba70, RBP=0x0000000000000000, RSI=0x0000021da3052ec8, RDI=0x0000000000000001
R8 =0xffffffffffffffff, R9 =0x0000000000000000, R10=0x0000006c9c9fc070, R11=0x0000006c9c9fba30
R12=0x0000000000000002, R13=0x0000000000000002, R14=0x0000021d9fce8e60, R15=0x0000021d9f8feda8
RIP=0x00007ffedb5d5bee, EFLAGS=0x0000000000010202

Top of Stack: (sp=0x0000006c9c9fba70)
0x0000006c9c9fba70:   0000021da0949718 0000000000000015
0x0000006c9c9fba80:   0000021da3052ec8 0000021da3052ec8
0x0000006c9c9fba90:   0000021da3027530 0000000000000015
0x0000006c9c9fbaa0:   0000021d9f8feda8 0000000000000078
0x0000006c9c9fbab0:   000000000002b998 0000000000000000
0x0000006c9c9fbac0:   0000021d9f320d80 0000000000000002
0x0000006c9c9fbad0:   00007ffedbdd1d28 0000000000000020
0x0000006c9c9fbae0:   0000021da3d2c520 0000006c9c9fcf20
0x0000006c9c9fbaf0:   0000000000000000 0000000000000000
0x0000006c9c9fbb00:   0000000000000282 0000006c9c9fbbd9
0x0000006c9c9fbb10:   0000000000000015 00007ffedb5d4eb4
0x0000006c9c9fbb20:   0000006c9c9fc070 0000006c9c9fbfd0
0x0000006c9c9fbb30:   0000006c9c9fbb50 ffffffff00000015
0x0000006c9c9fbb40:   0000021da3d2c520 0000021da144bbc0
0x0000006c9c9fbb50:   ffffffff00000100 0000021da3d2c520
0x0000006c9c9fbb60:   0000021da4464190 0000021d0000003a 

Instructions: (pc=0x00007ffedb5d5bee)
0x00007ffedb5d5aee:   66 0f eb c8 f3 0f 7f 48 e0 49 3b c9 7c a4 48 3b
0x00007ffedb5d5afe:   cd 7d 1f 4c 2b c6 48 8d 04 8e 48 8b d5 48 2b d1
0x00007ffedb5d5b0e:   66 90 42 8b 0c 00 09 08 48 8d 40 04 48 83 ea 01
0x00007ffedb5d5b1e:   75 f0 41 ff c2 45 3b 57 48 0f 82 13 ff ff ff 45
0x00007ffedb5d5b2e:   8b 67 28 41 83 ec 01 4d 63 ec 0f 88 6f 02 00 00
0x00007ffedb5d5b3e:   66 90 45 3b 67 18 73 0a 49 8b 47 20 4a 8b 1c e8
0x00007ffedb5d5b4e:   eb 02 33 db 8b 4b 28 4c 8b 94 24 b0 00 00 00 49
0x00007ffedb5d5b5e:   8b 42 18 4c 0f bf 44 88 02 48 0f bf 14 88 41 83
0x00007ffedb5d5b6e:   f8 ff 74 18 49 8b c0 41 83 e0 1f 48 c1 f8 05 48
0x00007ffedb5d5b7e:   8d 0c 86 8b 04 86 44 0f b3 c0 89 01 83 fa ff 74
0x00007ffedb5d5b8e:   16 48 8b c2 83 e2 1f 48 c1 f8 05 48 8d 0c 86 8b
0x00007ffedb5d5b9e:   04 86 0f b3 d0 89 01 8b 43 2c 24 03 3c 02 75 17
0x00007ffedb5d5bae:   40 32 ed 4c 8b f3 48 85 db 74 12 8b 6b 30 c1 ed
0x00007ffedb5d5bbe:   05 40 80 e5 01 eb 06 45 33 f6 40 32 ed bf 01 00
0x00007ffedb5d5bce:   00 00 39 7b 18 0f 86 0b 01 00 00 4c 8b 7c 24 30
0x00007ffedb5d5bde:   66 90 48 8b 43 08 8b cf 4c 8b 0c c8 49 8b 42 18
0x00007ffedb5d5bee:   41 8b 49 28 4c 0f bf 44 88 02 48 0f bf 14 88 41
0x00007ffedb5d5bfe:   83 f8 ff 74 18 49 8b c0 41 83 e0 1f 48 c1 f8 05
0x00007ffedb5d5c0e:   48 8d 0c 86 8b 04 86 44 0f ab c0 89 01 83 fa ff
0x00007ffedb5d5c1e:   74 16 48 8b c2 83 e2 1f 48 c1 f8 05 48 8d 0c 86
0x00007ffedb5d5c2e:   8b 04 86 0f ab d0 89 01 40 84 ed 0f 84 95 00 00
0x00007ffedb5d5c3e:   00 4d 3b cf 0f 85 8c 00 00 00 4c 8d 44 24 48 48
0x00007ffedb5d5c4e:   c7 44 24 48 00 00 00 00 48 8d 54 24 38 49 8b ce
0x00007ffedb5d5c5e:   e8 8d 60 47 00 48 83 f8 ff 74 63 49 3b c7 75 5e
0x00007ffedb5d5c6e:   48 8b 4c 24 38 48 81 f9 ff 6b ca 88 74 50 48 8b
0x00007ffedb5d5c7e:   c1 48 99 83 e2 03 48 03 c2 83 e0 03 48 2b c2 48
0x00007ffedb5d5c8e:   2b c8 48 89 4c 24 38 8b d1 48 8b 8c 24 b0 00 00
0x00007ffedb5d5c9e:   00 e8 bc 55 5a 00 3b 05 8e 5b a2 00 4c 8b 94 24
0x00007ffedb5d5cae:   b0 00 00 00 7c 20 48 63 c8 83 e0 1f 48 c1 f9 05
0x00007ffedb5d5cbe:   48 8d 14 8e 8b 0c 8e 0f ab c1 89 0a eb 08 4c 8b
0x00007ffedb5d5cce:   94 24 b0 00 00 00 ff c7 3b 7b 18 0f 82 01 ff ff
0x00007ffedb5d5cde:   ff 4c 8b 7c 24 50 48 8b 03 48 8b cb ff 90 88 00 


Stack slot to memory mapping:
stack at sp + 0 slots: 0x0000021da0949718 points into unknown readable memory: 0x00007ffedbd9ae28 | 28 ae d9 db fe 7f 00 00
stack at sp + 1 slots: 0x0000000000000015 is an unknown value
stack at sp + 2 slots: 0x0000021da3052ec8 points into unknown readable memory: 0x00000000c0003003 | 03 30 00 c0 00 00 00 00
stack at sp + 3 slots: 0x0000021da3052ec8 points into unknown readable memory: 0x00000000c0003003 | 03 30 00 c0 00 00 00 00
stack at sp + 4 slots: 0x0000021da3027530 points into unknown readable memory: 0x0000000000000000 | 00 00 00 00 00 00 00 00
stack at sp + 5 slots: 0x0000000000000015 is an unknown value
stack at sp + 6 slots: 0x0000021d9f8feda8 points into unknown readable memory: 0x00007ffedbd66838 | 38 68 d6 db fe 7f 00 00
stack at sp + 7 slots: 0x0000000000000078 is an unknown value


---------------  P R O C E S S  ---------------

Threads class SMR info:
_java_thread_list=0x0000021da3951330, length=73, elements={
0x0000021dc6803fc0, 0x0000021de4c658d0, 0x0000021de4c67470, 0x0000021de4c7b580,
0x0000021de4c7c520, 0x0000021de4c81250, 0x0000021de4c81760, 0x0000021de4c84f40,
0x0000021de4c88e00, 0x0000021de4c7f900, 0x0000021de4c80d40, 0x0000021de4c7eee0,
0x0000021de4c7dfb0, 0x0000021de4c7e4c0, 0x0000021de4c7fe10, 0x0000021de4c80830,
0x0000021de4c7f3f0, 0x0000021de4c80320, 0x0000021de4c7e9d0, 0x0000021da110c420,
0x0000021da1111010, 0x0000021da110d860, 0x0000021da110ba00, 0x0000021da110e280,
0x0000021da110eca0, 0x0000021da110dd70, 0x0000021da110f6c0, 0x0000021da110d350,
0x0000021da110b4f0, 0x0000021da1112450, 0x0000021da1112960, 0x0000021da1110b00,
0x0000021da110bf10, 0x0000021da1111a30, 0x0000021da1111f40, 0x0000021da370ee10,
0x0000021da370dee0, 0x0000021da4bde580, 0x0000021da24e0040, 0x0000021da370f830,
0x0000021da3709d10, 0x0000021da370a220, 0x0000021da370a730, 0x0000021da370caa0,
0x0000021da370fd40, 0x0000021da370f320, 0x0000021da370ac40, 0x0000021da370b150,
0x0000021da3710250, 0x0000021da3709800, 0x0000021da370b660, 0x0000021da370c590,
0x0000021da370bb70, 0x0000021da370e3f0, 0x0000021da370d9d0, 0x0000021da370c080,
0x0000021da370e900, 0x0000021da370cfb0, 0x0000021da3710760, 0x0000021da370d4c0,
0x0000021da37092f0, 0x0000021da3710c70, 0x0000021da15a1d60, 0x0000021da15a5a20,
0x0000021da15a4af0, 0x0000021da15a31a0, 0x0000021da15a3bc0, 0x0000021da15a40d0,
0x0000021da15a6950, 0x0000021da15a45e0, 0x0000021da15a5000, 0x0000021da15a5f30,
0x0000021da15a5510
}

Java Threads: ( => current thread )
  0x0000021dc6803fc0 JavaThread "main" [_thread_blocked, id=10176, stack(0x0000006c9b600000,0x0000006c9b700000)]
  0x0000021de4c658d0 JavaThread "Reference Handler" daemon [_thread_blocked, id=10940, stack(0x0000006c9bd00000,0x0000006c9be00000)]
  0x0000021de4c67470 JavaThread "Finalizer" daemon [_thread_blocked, id=7008, stack(0x0000006c9be00000,0x0000006c9bf00000)]
  0x0000021de4c7b580 JavaThread "Signal Dispatcher" daemon [_thread_blocked, id=7012, stack(0x0000006c9bf00000,0x0000006c9c000000)]
  0x0000021de4c7c520 JavaThread "Attach Listener" daemon [_thread_blocked, id=7016, stack(0x0000006c9c000000,0x0000006c9c100000)]
  0x0000021de4c81250 JavaThread "Service Thread" daemon [_thread_blocked, id=10924, stack(0x0000006c9c100000,0x0000006c9c200000)]
  0x0000021de4c81760 JavaThread "Monitor Deflation Thread" daemon [_thread_blocked, id=8148, stack(0x0000006c9c200000,0x0000006c9c300000)]
  0x0000021de4c84f40 JavaThread "C2 CompilerThread0" daemon [_thread_blocked, id=6776, stack(0x0000006c9c300000,0x0000006c9c400000)]
  0x0000021de4c88e00 JavaThread "C1 CompilerThread0" daemon [_thread_blocked, id=9248, stack(0x0000006c9c400000,0x0000006c9c500000)]
  0x0000021de4c7f900 JavaThread "Sweeper thread" daemon [_thread_blocked, id=3560, stack(0x0000006c9c500000,0x0000006c9c600000)]
  0x0000021de4c80d40 JavaThread "Common-Cleaner" daemon [_thread_blocked, id=10920, stack(0x0000006c9c600000,0x0000006c9c700000)]
  0x0000021de4c7eee0 JavaThread "Notification Thread" daemon [_thread_blocked, id=10916, stack(0x0000006c9c700000,0x0000006c9c800000)]
  0x0000021de4c7dfb0 JavaThread "Daemon health stats" [_thread_blocked, id=10908, stack(0x0000006c9cf00000,0x0000006c9d000000)]
  0x0000021de4c7e4c0 JavaThread "Incoming local TCP Connector on port 49800" [_thread_in_native, id=10904, stack(0x0000006c9d000000,0x0000006c9d100000)]
  0x0000021de4c7fe10 JavaThread "Daemon periodic checks" [_thread_blocked, id=1300, stack(0x0000006c9d100000,0x0000006c9d200000)]
  0x0000021de4c80830 JavaThread "Daemon" [_thread_blocked, id=908, stack(0x0000006c9d200000,0x0000006c9d300000)]
  0x0000021de4c7f3f0 JavaThread "Handler for socket connection from /127.0.0.1:49800 to /127.0.0.1:49801" [_thread_in_native, id=6328, stack(0x0000006c9d300000,0x0000006c9d400000)]
  0x0000021de4c80320 JavaThread "Cancel handler" [_thread_blocked, id=7140, stack(0x0000006c9d400000,0x0000006c9d500000)]
  0x0000021de4c7e9d0 JavaThread "Daemon worker" [_thread_in_vm, id=6864, stack(0x0000006c9d500000,0x0000006c9d600000)]
  0x0000021da110c420 JavaThread "Asynchronous log dispatcher for DefaultDaemonConnection: socket connection from /127.0.0.1:49800 to /127.0.0.1:49801" [_thread_blocked, id=7652, stack(0x0000006c9d600000,0x0000006c9d700000)]
  0x0000021da1111010 JavaThread "Stdin handler" [_thread_blocked, id=7656, stack(0x0000006c9d700000,0x0000006c9d800000)]
  0x0000021da110d860 JavaThread "Daemon client event forwarder" [_thread_blocked, id=7888, stack(0x0000006c9d800000,0x0000006c9d900000)]
  0x0000021da110ba00 JavaThread "Cache worker for journal cache (C:\Users\Shahzar\.gradle\caches\journal-1)" [_thread_blocked, id=10876, stack(0x0000006c9d900000,0x0000006c9da00000)]
  0x0000021da110e280 JavaThread "File lock request listener" [_thread_in_native, id=5236, stack(0x0000006c9da00000,0x0000006c9db00000)]
  0x0000021da110eca0 JavaThread "Cache worker for file hash cache (C:\Users\Shahzar\.gradle\caches\8.0.1\fileHashes)" [_thread_blocked, id=6264, stack(0x0000006c9db00000,0x0000006c9dc00000)]
  0x0000021da110dd70 JavaThread "File watcher server" daemon [_thread_in_native, id=4636, stack(0x0000006c9dc00000,0x0000006c9dd00000)]
  0x0000021da110f6c0 JavaThread "File watcher consumer" daemon [_thread_blocked, id=6300, stack(0x0000006c9dd00000,0x0000006c9de00000)]
  0x0000021da110d350 JavaThread "Cache worker for checksums cache (D:\arbitech_user\android\.gradle\8.0.1\checksums)" [_thread_blocked, id=4716, stack(0x0000006c9ce00000,0x0000006c9cf00000)]
  0x0000021da110b4f0 JavaThread "Cache worker for cache directory md-rule (C:\Users\Shahzar\.gradle\caches\8.0.1\md-rule)" [_thread_blocked, id=8416, stack(0x0000006c9de00000,0x0000006c9df00000)]
  0x0000021da1112450 JavaThread "Cache worker for file content cache (C:\Users\Shahzar\.gradle\caches\8.0.1\fileContent)" [_thread_blocked, id=6516, stack(0x0000006c9df00000,0x0000006c9e000000)]
  0x0000021da1112960 JavaThread "Cache worker for file hash cache (D:\arbitech_user\android\.gradle\8.0.1\fileHashes)" [_thread_blocked, id=8168, stack(0x0000006c9e000000,0x0000006c9e100000)]
  0x0000021da1110b00 JavaThread "Cache worker for cache directory md-supplier (C:\Users\Shahzar\.gradle\caches\8.0.1\md-supplier)" [_thread_blocked, id=6268, stack(0x0000006c9e100000,0x0000006c9e200000)]
  0x0000021da110bf10 JavaThread "Cache worker for execution history cache (C:\Users\Shahzar\.gradle\caches\8.0.1\executionHistory)" [_thread_blocked, id=7504, stack(0x0000006c9e600000,0x0000006c9e700000)]
  0x0000021da1111a30 JavaThread "jar transforms" [_thread_blocked, id=7512, stack(0x0000006c9ea00000,0x0000006c9eb00000)]
  0x0000021da1111f40 JavaThread "jar transforms Thread 2" [_thread_blocked, id=7608, stack(0x0000006c9eb00000,0x0000006c9ec00000)]
  0x0000021da370ee10 JavaThread "jar transforms Thread 3" [_thread_blocked, id=7480, stack(0x0000006c9ec00000,0x0000006c9ed00000)]
  0x0000021da370dee0 JavaThread "jar transforms Thread 4" [_thread_blocked, id=7568, stack(0x0000006c9ed00000,0x0000006c9ee00000)]
=>0x0000021da4bde580 JavaThread "C2 CompilerThread1" daemon [_thread_in_native, id=9144, stack(0x0000006c9c900000,0x0000006c9ca00000)]
  0x0000021da24e0040 JavaThread "C2 CompilerThread2" daemon [_thread_blocked, id=4616, stack(0x0000006c9e700000,0x0000006c9e800000)]
  0x0000021da370f830 JavaThread "Cache worker for kotlin-dsl (C:\Users\Shahzar\.gradle\caches\8.0.1\kotlin-dsl)" [_thread_blocked, id=4952, stack(0x0000006c9ee00000,0x0000006c9ef00000)]
  0x0000021da3709d10 JavaThread "jar transforms Thread 5" [_thread_blocked, id=5020, stack(0x0000006c9ef00000,0x0000006c9f000000)]
  0x0000021da370a220 JavaThread "jar transforms Thread 6" [_thread_blocked, id=4920, stack(0x0000006c9f000000,0x0000006c9f100000)]
  0x0000021da370a730 JavaThread "Cache worker for dependencies-accessors (D:\arbitech_user\android\.gradle\8.0.1\dependencies-accessors)" [_thread_blocked, id=10892, stack(0x0000006c9f100000,0x0000006c9f200000)]
  0x0000021da370caa0 JavaThread "Cache worker for Build Output Cleanup Cache (D:\arbitech_user\node_modules\@react-native\gradle-plugin\.gradle\buildOutputCleanup)" [_thread_blocked, id=11008, stack(0x0000006c9f200000,0x0000006c9f300000)]
  0x0000021da370fd40 JavaThread "jar transforms Thread 7" [_thread_blocked, id=10900, stack(0x0000006c9f300000,0x0000006c9f400000)]
  0x0000021da370f320 JavaThread "Unconstrained build operations" [_thread_blocked, id=2008, stack(0x0000006c9f400000,0x0000006c9f500000)]
  0x0000021da370ac40 JavaThread "Unconstrained build operations Thread 2" [_thread_blocked, id=10632, stack(0x0000006c9f500000,0x0000006c9f600000)]
  0x0000021da370b150 JavaThread "Unconstrained build operations Thread 3" [_thread_blocked, id=3836, stack(0x0000006c9f600000,0x0000006c9f700000)]
  0x0000021da3710250 JavaThread "Unconstrained build operations Thread 4" [_thread_blocked, id=10636, stack(0x0000006c9f700000,0x0000006c9f800000)]
  0x0000021da3709800 JavaThread "Unconstrained build operations Thread 5" [_thread_blocked, id=10640, stack(0x0000006c9f800000,0x0000006c9f900000)]
  0x0000021da370b660 JavaThread "Unconstrained build operations Thread 6" [_thread_blocked, id=5116, stack(0x0000006c9f900000,0x0000006c9fa00000)]
  0x0000021da370c590 JavaThread "Unconstrained build operations Thread 7" [_thread_blocked, id=4908, stack(0x0000006c9fa00000,0x0000006c9fb00000)]
  0x0000021da370bb70 JavaThread "Unconstrained build operations Thread 8" [_thread_blocked, id=10628, stack(0x0000006c9fb00000,0x0000006c9fc00000)]
  0x0000021da370e3f0 JavaThread "Unconstrained build operations Thread 9" [_thread_blocked, id=10644, stack(0x0000006c9fc00000,0x0000006c9fd00000)]
  0x0000021da370d9d0 JavaThread "Unconstrained build operations Thread 10" [_thread_blocked, id=10996, stack(0x0000006c9fd00000,0x0000006c9fe00000)]
  0x0000021da370c080 JavaThread "Unconstrained build operations Thread 11" [_thread_blocked, id=11040, stack(0x0000006c9fe00000,0x0000006c9ff00000)]
  0x0000021da370e900 JavaThread "Unconstrained build operations Thread 12" [_thread_blocked, id=11064, stack(0x0000006c9ff00000,0x0000006ca0000000)]
  0x0000021da370cfb0 JavaThread "Unconstrained build operations Thread 13" [_thread_blocked, id=11132, stack(0x0000006ca0000000,0x0000006ca0100000)]
  0x0000021da3710760 JavaThread "Unconstrained build operations Thread 14" [_thread_blocked, id=11104, stack(0x0000006ca0100000,0x0000006ca0200000)]
  0x0000021da370d4c0 JavaThread "Unconstrained build operations Thread 15" [_thread_blocked, id=11124, stack(0x0000006ca0200000,0x0000006ca0300000)]
  0x0000021da37092f0 JavaThread "Unconstrained build operations Thread 16" [_thread_blocked, id=664, stack(0x0000006ca0300000,0x0000006ca0400000)]
  0x0000021da3710c70 JavaThread "Unconstrained build operations Thread 17" [_thread_blocked, id=668, stack(0x0000006ca0400000,0x0000006ca0500000)]
  0x0000021da15a1d60 JavaThread "Unconstrained build operations Thread 18" [_thread_blocked, id=11016, stack(0x0000006ca0500000,0x0000006ca0600000)]
  0x0000021da15a5a20 JavaThread "Unconstrained build operations Thread 19" [_thread_blocked, id=10144, stack(0x0000006ca0600000,0x0000006ca0700000)]
  0x0000021da15a4af0 JavaThread "Unconstrained build operations Thread 20" [_thread_blocked, id=792, stack(0x0000006ca0700000,0x0000006ca0800000)]
  0x0000021da15a31a0 JavaThread "Unconstrained build operations Thread 21" [_thread_blocked, id=784, stack(0x0000006ca0800000,0x0000006ca0900000)]
  0x0000021da15a3bc0 JavaThread "Unconstrained build operations Thread 22" [_thread_blocked, id=788, stack(0x0000006ca0900000,0x0000006ca0a00000)]
  0x0000021da15a40d0 JavaThread "Unconstrained build operations Thread 23" [_thread_blocked, id=2644, stack(0x0000006ca0a00000,0x0000006ca0b00000)]
  0x0000021da15a6950 JavaThread "Unconstrained build operations Thread 24" [_thread_blocked, id=2672, stack(0x0000006ca0b00000,0x0000006ca0c00000)]
  0x0000021da15a45e0 JavaThread "Unconstrained build operations Thread 25" [_thread_blocked, id=2668, stack(0x0000006ca0c00000,0x0000006ca0d00000)]
  0x0000021da15a5000 JavaThread "Unconstrained build operations Thread 26" [_thread_blocked, id=2684, stack(0x0000006ca0d00000,0x0000006ca0e00000)]
  0x0000021da15a5f30 JavaThread "jar transforms Thread 8" [_thread_blocked, id=1392, stack(0x0000006ca0e00000,0x0000006ca0f00000)]
  0x0000021da15a5510 JavaThread "Memory manager" [_thread_blocked, id=1412, stack(0x0000006ca0f00000,0x0000006ca1000000)]

Other Threads:
  0x0000021de4c60e80 VMThread "VM Thread" [stack: 0x0000006c9bc00000,0x0000006c9bd00000] [id=10944]
  0x0000021dc68780e0 WatcherThread [stack: 0x0000006c9c800000,0x0000006c9c900000] [id=10912]
  0x0000021dc685c150 GCTaskThread "GC Thread#0" [stack: 0x0000006c9b700000,0x0000006c9b800000] [id=10092]
  0x0000021d9f5887c0 GCTaskThread "GC Thread#1" [stack: 0x0000006c9cb00000,0x0000006c9cc00000] [id=10936]
  0x0000021d9f588a80 GCTaskThread "GC Thread#2" [stack: 0x0000006c9cc00000,0x0000006c9cd00000] [id=8636]
  0x0000021d9f448740 GCTaskThread "GC Thread#3" [stack: 0x0000006c9cd00000,0x0000006c9ce00000] [id=8620]
  0x0000021da0514040 GCTaskThread "GC Thread#4" [stack: 0x0000006c9ca00000,0x0000006c9cb00000] [id=9220]
  0x0000021da0abc7a0 GCTaskThread "GC Thread#5" [stack: 0x0000006c9e200000,0x0000006c9e300000] [id=6464]
  0x0000021da0abb1a0 GCTaskThread "GC Thread#6" [stack: 0x0000006c9e300000,0x0000006c9e400000] [id=3620]
  0x0000021da0abac20 GCTaskThread "GC Thread#7" [stack: 0x0000006c9e400000,0x0000006c9e500000] [id=7236]
  0x0000021dc686efd0 ConcurrentGCThread "G1 Main Marker" [stack: 0x0000006c9b800000,0x0000006c9b900000] [id=10220]
  0x0000021dc6870090 ConcurrentGCThread "G1 Conc#0" [stack: 0x0000006c9b900000,0x0000006c9ba00000] [id=10616]
  0x0000021da0abaee0 ConcurrentGCThread "G1 Conc#1" [stack: 0x0000006c9e500000,0x0000006c9e600000] [id=7444]
  0x0000021dc68be8b0 ConcurrentGCThread "G1 Refine#0" [stack: 0x0000006c9ba00000,0x0000006c9bb00000] [id=10480]
  0x0000021da42666f0 ConcurrentGCThread "G1 Refine#1" [stack: 0x0000006c9e800000,0x0000006c9e900000] [id=7484]
  0x0000021da0cd8070 ConcurrentGCThread "G1 Refine#2" [stack: 0x0000006c9e900000,0x0000006c9ea00000] [id=7492]
  0x0000021de4b15d20 ConcurrentGCThread "G1 Service" [stack: 0x0000006c9bb00000,0x0000006c9bc00000] [id=10592]

Threads with active compile tasks:
C2 CompilerThread1    10702 5370   !   4       com.google.common.reflect.TypeVisitor::visit (244 bytes)

VM state: not at safepoint (normal execution)

VM Mutex/Monitor currently owned by a thread: None

Heap address: 0x0000000080000000, size: 2048 MB, Compressed Oops mode: 32-bit

CDS archive(s) mapped at: [0x0000021d80000000-0x0000021d80bd0000-0x0000021d80bd0000), size 12386304, SharedBaseAddress: 0x0000021d80000000, ArchiveRelocationMode: 1.
Compressed class space mapped at: 0x0000021d81000000-0x0000021d9b000000, reserved size: 436207616
Narrow klass base: 0x0000021d80000000, Narrow klass shift: 0, Narrow klass range: 0x100000000

GC Precious Log:
 CPUs: 8 total, 8 available
 Memory: 12196M
 Large Page Support: Disabled
 NUMA Support: Disabled
 Compressed Oops: Enabled (32-bit)
 Heap Region Size: 1M
 Heap Min Capacity: 8M
 Heap Initial Capacity: 192M
 Heap Max Capacity: 2G
 Pre-touch: Disabled
 Parallel Workers: 8
 Concurrent Workers: 2
 Concurrent Refinement Workers: 8
 Periodic GC: Disabled

Heap:
 garbage-first heap   total 126976K, used 65121K [0x0000000080000000, 0x0000000100000000)
  region size 1024K, 20 young (20480K), 5 survivors (5120K)
 Metaspace       used 50157K, committed 50752K, reserved 491520K
  class space    used 7024K, committed 7296K, reserved 425984K

Heap Regions: E=young(eden), S=young(survivor), O=old, HS=humongous(starts), HC=humongous(continues), CS=collection set, F=free, OA=open archive, CA=closed archive, TAMS=top-at-mark-start (previous, next)
|   0|0x0000000080000000, 0x0000000080100000, 0x0000000080100000|100%|HS|  |TAMS 0x0000000080100000, 0x0000000080000000| Complete 
|   1|0x0000000080100000, 0x0000000080200000, 0x0000000080200000|100%|HC|  |TAMS 0x0000000080200000, 0x0000000080100000| Complete 
|   2|0x0000000080200000, 0x0000000080300000, 0x0000000080300000|100%|HC|  |TAMS 0x0000000080300000, 0x0000000080200000| Complete 
|   3|0x0000000080300000, 0x0000000080400000, 0x0000000080400000|100%|HC|  |TAMS 0x0000000080400000, 0x0000000080300000| Complete 
|   4|0x0000000080400000, 0x0000000080500000, 0x0000000080500000|100%| O|  |TAMS 0x0000000080500000, 0x0000000080400000| Untracked 
|   5|0x0000000080500000, 0x0000000080600000, 0x0000000080600000|100%| O|  |TAMS 0x0000000080600000, 0x0000000080500000| Untracked 
|   6|0x0000000080600000, 0x0000000080700000, 0x0000000080700000|100%| O|  |TAMS 0x0000000080700000, 0x0000000080600000| Untracked 
|   7|0x0000000080700000, 0x0000000080800000, 0x0000000080800000|100%| O|  |TAMS 0x0000000080800000, 0x0000000080700000| Untracked 
|   8|0x0000000080800000, 0x0000000080900000, 0x0000000080900000|100%| O|  |TAMS 0x0000000080900000, 0x0000000080800000| Untracked 
|   9|0x0000000080900000, 0x0000000080a00000, 0x0000000080a00000|100%| O|  |TAMS 0x0000000080a00000, 0x0000000080900000| Untracked 
|  10|0x0000000080a00000, 0x0000000080b00000, 0x0000000080b00000|100%| O|  |TAMS 0x0000000080b00000, 0x0000000080a00000| Untracked 
|  11|0x0000000080b00000, 0x0000000080c00000, 0x0000000080c00000|100%| O|  |TAMS 0x0000000080c00000, 0x0000000080b00000| Untracked 
|  12|0x0000000080c00000, 0x0000000080d00000, 0x0000000080d00000|100%| O|  |TAMS 0x0000000080d00000, 0x0000000080c00000| Untracked 
|  13|0x0000000080d00000, 0x0000000080e00000, 0x0000000080e00000|100%| O|  |TAMS 0x0000000080e00000, 0x0000000080d00000| Untracked 
|  14|0x0000000080e00000, 0x0000000080f00000, 0x0000000080f00000|100%| O|  |TAMS 0x0000000080f00000, 0x0000000080e00000| Untracked 
|  15|0x0000000080f00000, 0x0000000081000000, 0x0000000081000000|100%| O|  |TAMS 0x0000000081000000, 0x0000000080f00000| Untracked 
|  16|0x0000000081000000, 0x00000000810ffff8, 0x0000000081100000| 99%| O|  |TAMS 0x00000000810ffff8, 0x0000000081000000| Untracked 
|  17|0x0000000081100000, 0x0000000081200000, 0x0000000081200000|100%| O|  |TAMS 0x0000000081200000, 0x0000000081100000| Untracked 
|  18|0x0000000081200000, 0x0000000081300000, 0x0000000081300000|100%| O|  |TAMS 0x0000000081300000, 0x0000000081200000| Untracked 
|  19|0x0000000081300000, 0x0000000081400000, 0x0000000081400000|100%| O|  |TAMS 0x0000000081400000, 0x0000000081300000| Untracked 
|  20|0x0000000081400000, 0x0000000081500000, 0x0000000081500000|100%| O|  |TAMS 0x0000000081500000, 0x0000000081400000| Untracked 
|  21|0x0000000081500000, 0x0000000081600000, 0x0000000081600000|100%| O|  |TAMS 0x0000000081600000, 0x0000000081500000| Untracked 
|  22|0x0000000081600000, 0x0000000081700000, 0x0000000081700000|100%| O|  |TAMS 0x0000000081700000, 0x0000000081600000| Untracked 
|  23|0x0000000081700000, 0x0000000081800000, 0x0000000081800000|100%| O|  |TAMS 0x0000000081800000, 0x0000000081700000| Untracked 
|  24|0x0000000081800000, 0x0000000081900000, 0x0000000081900000|100%| O|  |TAMS 0x0000000081900000, 0x0000000081800000| Untracked 
|  25|0x0000000081900000, 0x0000000081a00000, 0x0000000081a00000|100%| O|  |TAMS 0x0000000081a00000, 0x0000000081900000| Untracked 
|  26|0x0000000081a00000, 0x0000000081b00000, 0x0000000081b00000|100%| O|  |TAMS 0x0000000081b00000, 0x0000000081a00000| Untracked 
|  27|0x0000000081b00000, 0x0000000081c00000, 0x0000000081c00000|100%| O|  |TAMS 0x0000000081c00000, 0x0000000081b00000| Untracked 
|  28|0x0000000081c00000, 0x0000000081d00000, 0x0000000081d00000|100%| O|  |TAMS 0x0000000081d00000, 0x0000000081c00000| Untracked 
|  29|0x0000000081d00000, 0x0000000081e00000, 0x0000000081e00000|100%| O|  |TAMS 0x0000000081e00000, 0x0000000081d00000| Untracked 
|  30|0x0000000081e00000, 0x0000000081f00000, 0x0000000081f00000|100%| O|  |TAMS 0x0000000081f00000, 0x0000000081e00000| Untracked 
|  31|0x0000000081f00000, 0x0000000081f41e00, 0x0000000082000000| 25%| O|  |TAMS 0x0000000081f41e00, 0x0000000081f00000| Untracked 
|  32|0x0000000082000000, 0x0000000082100000, 0x0000000082100000|100%|HS|  |TAMS 0x0000000082000000, 0x0000000082000000| Complete 
|  33|0x0000000082100000, 0x0000000082200000, 0x0000000082200000|100%|HC|  |TAMS 0x0000000082100000, 0x0000000082100000| Complete 
|  34|0x0000000082200000, 0x0000000082300000, 0x0000000082300000|100%|HS|  |TAMS 0x0000000082200000, 0x0000000082200000| Complete 
|  35|0x0000000082300000, 0x0000000082400000, 0x0000000082400000|100%|HC|  |TAMS 0x0000000082300000, 0x0000000082300000| Complete 
|  36|0x0000000082400000, 0x0000000082500000, 0x0000000082500000|100%|HC|  |TAMS 0x0000000082400000, 0x0000000082400000| Complete 
|  37|0x0000000082500000, 0x0000000082600000, 0x0000000082600000|100%|HC|  |TAMS 0x0000000082500000, 0x0000000082500000| Complete 
|  38|0x0000000082600000, 0x0000000082700000, 0x0000000082700000|100%| O|  |TAMS 0x0000000082600000, 0x0000000082600000| Untracked 
|  39|0x0000000082700000, 0x0000000082800000, 0x0000000082800000|100%| O|  |TAMS 0x0000000082700000, 0x0000000082700000| Untracked 
|  40|0x0000000082800000, 0x0000000082900000, 0x0000000082900000|100%| O|  |TAMS 0x0000000082800000, 0x0000000082800000| Untracked 
|  41|0x0000000082900000, 0x0000000082a00000, 0x0000000082a00000|100%| O|  |TAMS 0x0000000082900000, 0x0000000082900000| Untracked 
|  42|0x0000000082a00000, 0x0000000082b00000, 0x0000000082b00000|100%| O|  |TAMS 0x0000000082a00000, 0x0000000082a00000| Untracked 
|  43|0x0000000082b00000, 0x0000000082c00000, 0x0000000082c00000|100%| O|  |TAMS 0x0000000082b00000, 0x0000000082b00000| Untracked 
|  44|0x0000000082c00000, 0x0000000082d00000, 0x0000000082d00000|100%| O|  |TAMS 0x0000000082c00000, 0x0000000082c00000| Untracked 
|  45|0x0000000082d00000, 0x0000000082d00000, 0x0000000082e00000|  0%| F|  |TAMS 0x0000000082d00000, 0x0000000082d00000| Untracked 
|  46|0x0000000082e00000, 0x0000000082e00000, 0x0000000082f00000|  0%| F|  |TAMS 0x0000000082e00000, 0x0000000082e00000| Untracked 
|  47|0x0000000082f00000, 0x0000000082f00000, 0x0000000083000000|  0%| F|  |TAMS 0x0000000082f00000, 0x0000000082f00000| Untracked 
|  48|0x0000000083000000, 0x0000000083000000, 0x0000000083100000|  0%| F|  |TAMS 0x0000000083000000, 0x0000000083000000| Untracked 
|  49|0x0000000083100000, 0x0000000083100000, 0x0000000083200000|  0%| F|  |TAMS 0x0000000083100000, 0x0000000083100000| Untracked 
|  50|0x0000000083200000, 0x0000000083200000, 0x0000000083300000|  0%| F|  |TAMS 0x0000000083200000, 0x0000000083200000| Untracked 
|  51|0x0000000083300000, 0x0000000083300000, 0x0000000083400000|  0%| F|  |TAMS 0x0000000083300000, 0x0000000083300000| Untracked 
|  52|0x0000000083400000, 0x0000000083400000, 0x0000000083500000|  0%| F|  |TAMS 0x0000000083400000, 0x0000000083400000| Untracked 
|  53|0x0000000083500000, 0x00000000835e4400, 0x0000000083600000| 89%| O|  |TAMS 0x0000000083500000, 0x0000000083500000| Untracked 
|  54|0x0000000083600000, 0x0000000083600000, 0x0000000083700000|  0%| F|  |TAMS 0x0000000083600000, 0x0000000083600000| Untracked 
|  55|0x0000000083700000, 0x0000000083700000, 0x0000000083800000|  0%| F|  |TAMS 0x0000000083700000, 0x0000000083700000| Untracked 
|  56|0x0000000083800000, 0x0000000083800000, 0x0000000083900000|  0%| F|  |TAMS 0x0000000083800000, 0x0000000083800000| Untracked 
|  57|0x0000000083900000, 0x0000000083900000, 0x0000000083a00000|  0%| F|  |TAMS 0x0000000083900000, 0x0000000083900000| Untracked 
|  58|0x0000000083a00000, 0x0000000083a00000, 0x0000000083b00000|  0%| F|  |TAMS 0x0000000083a00000, 0x0000000083a00000| Untracked 
|  59|0x0000000083b00000, 0x0000000083b00000, 0x0000000083c00000|  0%| F|  |TAMS 0x0000000083b00000, 0x0000000083b00000| Untracked 
|  60|0x0000000083c00000, 0x0000000083c00000, 0x0000000083d00000|  0%| F|  |TAMS 0x0000000083c00000, 0x0000000083c00000| Untracked 
|  61|0x0000000083d00000, 0x0000000083d00000, 0x0000000083e00000|  0%| F|  |TAMS 0x0000000083d00000, 0x0000000083d00000| Untracked 
|  62|0x0000000083e00000, 0x0000000083e00000, 0x0000000083f00000|  0%| F|  |TAMS 0x0000000083e00000, 0x0000000083e00000| Untracked 
|  63|0x0000000083f00000, 0x0000000083f00000, 0x0000000084000000|  0%| F|  |TAMS 0x0000000083f00000, 0x0000000083f00000| Untracked 
|  64|0x0000000084000000, 0x0000000084000000, 0x0000000084100000|  0%| F|  |TAMS 0x0000000084000000, 0x0000000084000000| Untracked 
|  65|0x0000000084100000, 0x0000000084100000, 0x0000000084200000|  0%| F|  |TAMS 0x0000000084100000, 0x0000000084100000| Untracked 
|  66|0x0000000084200000, 0x0000000084200000, 0x0000000084300000|  0%| F|  |TAMS 0x0000000084200000, 0x0000000084200000| Untracked 
|  67|0x0000000084300000, 0x0000000084300000, 0x0000000084400000|  0%| F|  |TAMS 0x0000000084300000, 0x0000000084300000| Untracked 
|  68|0x0000000084400000, 0x0000000084400000, 0x0000000084500000|  0%| F|  |TAMS 0x0000000084400000, 0x0000000084400000| Untracked 
|  69|0x0000000084500000, 0x0000000084500000, 0x0000000084600000|  0%| F|  |TAMS 0x0000000084500000, 0x0000000084500000| Untracked 
|  70|0x0000000084600000, 0x0000000084600000, 0x0000000084700000|  0%| F|  |TAMS 0x0000000084600000, 0x0000000084600000| Untracked 
|  71|0x0000000084700000, 0x00000000847723c0, 0x0000000084800000| 44%| S|CS|TAMS 0x0000000084700000, 0x0000000084700000| Complete 
|  72|0x0000000084800000, 0x0000000084900000, 0x0000000084900000|100%| S|CS|TAMS 0x0000000084800000, 0x0000000084800000| Complete 
|  73|0x0000000084900000, 0x0000000084a00000, 0x0000000084a00000|100%| S|CS|TAMS 0x0000000084900000, 0x0000000084900000| Complete 
|  74|0x0000000084a00000, 0x0000000084b00000, 0x0000000084b00000|100%| S|CS|TAMS 0x0000000084a00000, 0x0000000084a00000| Complete 
|  75|0x0000000084b00000, 0x0000000084c00000, 0x0000000084c00000|100%| S|CS|TAMS 0x0000000084b00000, 0x0000000084b00000| Complete 
|  76|0x0000000084c00000, 0x0000000084c00000, 0x0000000084d00000|  0%| F|  |TAMS 0x0000000084c00000, 0x0000000084c00000| Untracked 
|  77|0x0000000084d00000, 0x0000000084d00000, 0x0000000084e00000|  0%| F|  |TAMS 0x0000000084d00000, 0x0000000084d00000| Untracked 
|  78|0x0000000084e00000, 0x0000000084e00000, 0x0000000084f00000|  0%| F|  |TAMS 0x0000000084e00000, 0x0000000084e00000| Untracked 
|  79|0x0000000084f00000, 0x0000000084f00000, 0x0000000085000000|  0%| F|  |TAMS 0x0000000084f00000, 0x0000000084f00000| Untracked 
|  80|0x0000000085000000, 0x0000000085000000, 0x0000000085100000|  0%| F|  |TAMS 0x0000000085000000, 0x0000000085000000| Untracked 
|  81|0x0000000085100000, 0x0000000085100000, 0x0000000085200000|  0%| F|  |TAMS 0x0000000085100000, 0x0000000085100000| Untracked 
|  82|0x0000000085200000, 0x0000000085200000, 0x0000000085300000|  0%| F|  |TAMS 0x0000000085200000, 0x0000000085200000| Untracked 
|  83|0x0000000085300000, 0x0000000085300000, 0x0000000085400000|  0%| F|  |TAMS 0x0000000085300000, 0x0000000085300000| Untracked 
|  84|0x0000000085400000, 0x0000000085400000, 0x0000000085500000|  0%| F|  |TAMS 0x0000000085400000, 0x0000000085400000| Untracked 
|  85|0x0000000085500000, 0x0000000085500000, 0x0000000085600000|  0%| F|  |TAMS 0x0000000085500000, 0x0000000085500000| Untracked 
|  86|0x0000000085600000, 0x0000000085600000, 0x0000000085700000|  0%| F|  |TAMS 0x0000000085600000, 0x0000000085600000| Untracked 
|  87|0x0000000085700000, 0x0000000085700000, 0x0000000085800000|  0%| F|  |TAMS 0x0000000085700000, 0x0000000085700000| Untracked 
|  88|0x0000000085800000, 0x0000000085800000, 0x0000000085900000|  0%| F|  |TAMS 0x0000000085800000, 0x0000000085800000| Untracked 
|  89|0x0000000085900000, 0x0000000085900000, 0x0000000085a00000|  0%| F|  |TAMS 0x0000000085900000, 0x0000000085900000| Untracked 
|  90|0x0000000085a00000, 0x0000000085a00000, 0x0000000085b00000|  0%| F|  |TAMS 0x0000000085a00000, 0x0000000085a00000| Untracked 
|  91|0x0000000085b00000, 0x0000000085b00000, 0x0000000085c00000|  0%| F|  |TAMS 0x0000000085b00000, 0x0000000085b00000| Untracked 
|  92|0x0000000085c00000, 0x0000000085c00000, 0x0000000085d00000|  0%| F|  |TAMS 0x0000000085c00000, 0x0000000085c00000| Untracked 
|  93|0x0000000085d00000, 0x0000000085d00000, 0x0000000085e00000|  0%| F|  |TAMS 0x0000000085d00000, 0x0000000085d00000| Untracked 
|  94|0x0000000085e00000, 0x0000000085e00000, 0x0000000085f00000|  0%| F|  |TAMS 0x0000000085e00000, 0x0000000085e00000| Untracked 
|  95|0x0000000085f00000, 0x0000000085f00000, 0x0000000086000000|  0%| F|  |TAMS 0x0000000085f00000, 0x0000000085f00000| Untracked 
|  96|0x0000000086000000, 0x0000000086000000, 0x0000000086100000|  0%| F|  |TAMS 0x0000000086000000, 0x0000000086000000| Untracked 
|  97|0x0000000086100000, 0x0000000086100000, 0x0000000086200000|  0%| F|  |TAMS 0x0000000086100000, 0x0000000086100000| Untracked 
|  98|0x0000000086200000, 0x0000000086200000, 0x0000000086300000|  0%| F|  |TAMS 0x0000000086200000, 0x0000000086200000| Untracked 
|  99|0x0000000086300000, 0x0000000086300000, 0x0000000086400000|  0%| F|  |TAMS 0x0000000086300000, 0x0000000086300000| Untracked 
| 100|0x0000000086400000, 0x0000000086400000, 0x0000000086500000|  0%| F|  |TAMS 0x0000000086400000, 0x0000000086400000| Untracked 
| 101|0x0000000086500000, 0x0000000086500000, 0x0000000086600000|  0%| F|  |TAMS 0x0000000086500000, 0x0000000086500000| Untracked 
| 102|0x0000000086600000, 0x0000000086600000, 0x0000000086700000|  0%| F|  |TAMS 0x0000000086600000, 0x0000000086600000| Untracked 
| 103|0x0000000086700000, 0x0000000086700000, 0x0000000086800000|  0%| F|  |TAMS 0x0000000086700000, 0x0000000086700000| Untracked 
| 104|0x0000000086800000, 0x0000000086800000, 0x0000000086900000|  0%| F|  |TAMS 0x0000000086800000, 0x0000000086800000| Untracked 
| 105|0x0000000086900000, 0x0000000086900000, 0x0000000086a00000|  0%| F|  |TAMS 0x0000000086900000, 0x0000000086900000| Untracked 
| 106|0x0000000086a00000, 0x0000000086a00000, 0x0000000086b00000|  0%| F|  |TAMS 0x0000000086a00000, 0x0000000086a00000| Untracked 
| 107|0x0000000086b00000, 0x0000000086b00000, 0x0000000086c00000|  0%| F|  |TAMS 0x0000000086b00000, 0x0000000086b00000| Untracked 
| 108|0x0000000086c00000, 0x0000000086c00000, 0x0000000086d00000|  0%| F|  |TAMS 0x0000000086c00000, 0x0000000086c00000| Untracked 
| 109|0x0000000086d00000, 0x0000000086e00000, 0x0000000086e00000|100%| E|  |TAMS 0x0000000086d00000, 0x0000000086d00000| Complete 
| 110|0x0000000086e00000, 0x0000000086f00000, 0x0000000086f00000|100%| E|CS|TAMS 0x0000000086e00000, 0x0000000086e00000| Complete 
| 111|0x0000000086f00000, 0x0000000087000000, 0x0000000087000000|100%| E|CS|TAMS 0x0000000086f00000, 0x0000000086f00000| Complete 
| 112|0x0000000087000000, 0x0000000087100000, 0x0000000087100000|100%| E|CS|TAMS 0x0000000087000000, 0x0000000087000000| Complete 
| 113|0x0000000087100000, 0x0000000087200000, 0x0000000087200000|100%| E|CS|TAMS 0x0000000087100000, 0x0000000087100000| Complete 
| 114|0x0000000087200000, 0x0000000087300000, 0x0000000087300000|100%| E|CS|TAMS 0x0000000087200000, 0x0000000087200000| Complete 
| 115|0x0000000087300000, 0x0000000087400000, 0x0000000087400000|100%| E|CS|TAMS 0x0000000087300000, 0x0000000087300000| Complete 
| 116|0x0000000087400000, 0x0000000087500000, 0x0000000087500000|100%| E|CS|TAMS 0x0000000087400000, 0x0000000087400000| Complete 
| 117|0x0000000087500000, 0x0000000087600000, 0x0000000087600000|100%| E|CS|TAMS 0x0000000087500000, 0x0000000087500000| Complete 
| 118|0x0000000087600000, 0x0000000087700000, 0x0000000087700000|100%| E|CS|TAMS 0x0000000087600000, 0x0000000087600000| Complete 
| 119|0x0000000087700000, 0x0000000087800000, 0x0000000087800000|100%| E|CS|TAMS 0x0000000087700000, 0x0000000087700000| Complete 
| 120|0x0000000087800000, 0x0000000087900000, 0x0000000087900000|100%| E|CS|TAMS 0x0000000087800000, 0x0000000087800000| Complete 
| 121|0x0000000087900000, 0x0000000087a00000, 0x0000000087a00000|100%| E|CS|TAMS 0x0000000087900000, 0x0000000087900000| Complete 
| 152|0x0000000089800000, 0x0000000089900000, 0x0000000089900000|100%| E|CS|TAMS 0x0000000089800000, 0x0000000089800000| Complete 
| 191|0x000000008bf00000, 0x000000008c000000, 0x000000008c000000|100%| E|CS|TAMS 0x000000008bf00000, 0x000000008bf00000| Complete 

Card table byte_map: [0x0000021ddda30000,0x0000021ddde30000] _byte_map_base: 0x0000021ddd630000

Marking Bits (Prev, Next): (CMBitMap*) 0x0000021dc685d690, (CMBitMap*) 0x0000021dc685d6d0
 Prev Bits: [0x0000021dde230000, 0x0000021de0230000)
 Next Bits: [0x0000021de0230000, 0x0000021de2230000)

Polling page: 0x0000021dc5fc0000

Metaspace:

Usage:
  Non-class:     42.15 MB used.
      Class:      6.86 MB used.
       Both:     49.02 MB used.

Virtual space:
  Non-class space:       64.00 MB reserved,      42.44 MB ( 66%) committed,  1 nodes.
      Class space:      416.00 MB reserved,       7.12 MB (  2%) committed,  1 nodes.
             Both:      480.00 MB reserved,      49.56 MB ( 10%) committed. 

Chunk freelists:
   Non-Class:  5.25 MB
       Class:  8.81 MB
        Both:  14.06 MB

MaxMetaspaceSize: 512.00 MB
CompressedClassSpaceSize: 416.00 MB
Initial GC threshold: 21.00 MB
Current GC threshold: 58.88 MB
CDS: on
MetaspaceReclaimPolicy: balanced
 - commit_granule_bytes: 65536.
 - commit_granule_words: 8192.
 - virtual_space_node_default_size: 8388608.
 - enlarge_chunks_in_place: 1.
 - new_chunks_are_fully_committed: 0.
 - uncommit_free_chunks: 1.
 - use_allocation_guard: 0.
 - handle_deallocations: 1.


Internal statistics:

num_allocs_failed_limit: 6.
num_arena_births: 686.
num_arena_deaths: 0.
num_vsnodes_births: 2.
num_vsnodes_deaths: 0.
num_space_committed: 793.
num_space_uncommitted: 0.
num_chunks_returned_to_freelist: 6.
num_chunks_taken_from_freelist: 2647.
num_chunk_merges: 6.
num_chunk_splits: 1771.
num_chunks_enlarged: 1178.
num_inconsistent_stats: 0.

CodeHeap 'non-profiled nmethods': size=120000Kb used=2829Kb max_used=3198Kb free=117170Kb
 bounds [0x0000021dd5dd0000, 0x0000021dd60f0000, 0x0000021ddd300000]
CodeHeap 'profiled nmethods': size=120000Kb used=9472Kb max_used=10382Kb free=110527Kb
 bounds [0x0000021dce300000, 0x0000021dced30000, 0x0000021dd5830000]
CodeHeap 'non-nmethods': size=5760Kb used=2381Kb max_used=2415Kb free=3378Kb
 bounds [0x0000021dd5830000, 0x0000021dd5aa0000, 0x0000021dd5dd0000]
 total_blobs=5707 nmethods=4845 adapters=771
 compilation: enabled
              stopped_count=0, restarted_count=0
 full_count=0

Compilation events (20 events):
Event: 10.617 Thread 0x0000021de4c88e00 nmethod 5578 0x0000021dce67ff90 code [0x0000021dce680120, 0x0000021dce680278]
Event: 10.618 Thread 0x0000021de4c88e00 5579       3       kotlin.jvm.internal.Lambda::<init> (10 bytes)
Event: 10.618 Thread 0x0000021de4c88e00 nmethod 5579 0x0000021dce812210 code [0x0000021dce8123a0, 0x0000021dce812518]
Event: 10.618 Thread 0x0000021de4c88e00 5580       3       org.gradle.internal.ImmutableActionSet$EmptySet::addOne (9 bytes)
Event: 10.618 Thread 0x0000021de4c88e00 nmethod 5580 0x0000021dce621290 code [0x0000021dce621440, 0x0000021dce621718]
Event: 10.618 Thread 0x0000021de4c88e00 5581       3       org.gradle.internal.ImmutableActionSet$SingletonSet::<init> (10 bytes)
Event: 10.618 Thread 0x0000021de4c88e00 nmethod 5581 0x0000021dce811c90 code [0x0000021dce811e40, 0x0000021dce812058]
Event: 10.618 Thread 0x0000021de4c88e00 5582       3       org.gradle.internal.operations.logging.LoggingBuildOperationProgressBroadcaster::onOutput (105 bytes)
Event: 10.619 Thread 0x0000021de4c88e00 nmethod 5582 0x0000021dce620310 code [0x0000021dce620520, 0x0000021dce621018]
Event: 10.619 Thread 0x0000021de4c88e00 5583       3       org.gradle.internal.operations.BuildOperationState::setRunning (9 bytes)
Event: 10.619 Thread 0x0000021de4c88e00 nmethod 5583 0x0000021dceb56610 code [0x0000021dceb567a0, 0x0000021dceb56978]
Event: 10.619 Thread 0x0000021de4c88e00 5584       3       org.gradle.internal.logging.progress.DefaultProgressLoggerFactory$ProgressLoggerImpl::ensureNotNull (11 bytes)
Event: 10.619 Thread 0x0000021de4c88e00 nmethod 5584 0x0000021dce894010 code [0x0000021dce8941a0, 0x0000021dce8942f8]
Event: 10.623 Thread 0x0000021de4c88e00 5585       3       org.gradle.api.internal.DefaultDomainObjectCollection$IteratorImpl::hasNext (10 bytes)
Event: 10.623 Thread 0x0000021de4c88e00 nmethod 5585 0x0000021dceb56190 code [0x0000021dceb56340, 0x0000021dceb56508]
Event: 10.625 Thread 0x0000021de4c84f40 nmethod 5563 0x0000021dd5ecd010 code [0x0000021dd5ecd1a0, 0x0000021dd5ecd778]
Event: 10.625 Thread 0x0000021de4c84f40 5577       4       org.gradle.internal.operations.OperationIdentifier::hashCode (14 bytes)
Event: 10.626 Thread 0x0000021de4c84f40 nmethod 5577 0x0000021dd5eccc10 code [0x0000021dd5eccd80, 0x0000021dd5ecce18]
Event: 10.626 Thread 0x0000021de4c84f40 5562       4       jdk.internal.org.objectweb.asm.SymbolTable::addConstantFieldref (10 bytes)
Event: 10.626 Thread 0x0000021de4c84f40 nmethod 5562 0x0000021dd5e81510 code [0x0000021dd5e816a0, 0x0000021dd5e81748]

GC Heap History (20 events):
Event: 0.927 GC heap before
{Heap before GC invocations=1 (full 0):
 garbage-first heap   total 196608K, used 40852K [0x0000000080000000, 0x0000000100000000)
  region size 1024K, 32 young (32768K), 3 survivors (3072K)
 Metaspace       used 3944K, committed 4096K, reserved 491520K
  class space    used 476K, committed 576K, reserved 425984K
}
Event: 0.930 GC heap after
{Heap after GC invocations=2 (full 0):
 garbage-first heap   total 196608K, used 14218K [0x0000000080000000, 0x0000000100000000)
  region size 1024K, 4 young (4096K), 4 survivors (4096K)
 Metaspace       used 3944K, committed 4096K, reserved 491520K
  class space    used 476K, committed 576K, reserved 425984K
}
Event: 2.576 GC heap before
{Heap before GC invocations=2 (full 0):
 garbage-first heap   total 196608K, used 115594K [0x0000000080000000, 0x0000000100000000)
  region size 1024K, 104 young (106496K), 4 survivors (4096K)
 Metaspace       used 21210K, committed 21504K, reserved 491520K
  class space    used 3153K, committed 3264K, reserved 425984K
}
Event: 2.584 GC heap after
{Heap after GC invocations=3 (full 0):
 garbage-first heap   total 196608K, used 21979K [0x0000000080000000, 0x0000000100000000)
  region size 1024K, 12 young (12288K), 12 survivors (12288K)
 Metaspace       used 21210K, committed 21504K, reserved 491520K
  class space    used 3153K, committed 3264K, reserved 425984K
}
Event: 3.159 GC heap before
{Heap before GC invocations=4 (full 0):
 garbage-first heap   total 78848K, used 56795K [0x0000000080000000, 0x0000000100000000)
  region size 1024K, 46 young (47104K), 12 survivors (12288K)
 Metaspace       used 28630K, committed 28928K, reserved 491520K
  class space    used 4028K, committed 4160K, reserved 425984K
}
Event: 3.168 GC heap after
{Heap after GC invocations=5 (full 0):
 garbage-first heap   total 78848K, used 26321K [0x0000000080000000, 0x0000000100000000)
  region size 1024K, 5 young (5120K), 5 survivors (5120K)
 Metaspace       used 28630K, committed 28928K, reserved 491520K
  class space    used 4028K, committed 4160K, reserved 425984K
}
Event: 3.173 GC heap before
{Heap before GC invocations=5 (full 0):
 garbage-first heap   total 78848K, used 27345K [0x0000000080000000, 0x0000000100000000)
  region size 1024K, 6 young (6144K), 5 survivors (5120K)
 Metaspace       used 28641K, committed 28928K, reserved 491520K
  class space    used 4028K, committed 4160K, reserved 425984K
}
Event: 3.176 GC heap after
{Heap after GC invocations=6 (full 0):
 garbage-first heap   total 78848K, used 25885K [0x0000000080000000, 0x0000000100000000)
  region size 1024K, 1 young (1024K), 1 survivors (1024K)
 Metaspace       used 28641K, committed 28928K, reserved 491520K
  class space    used 4028K, committed 4160K, reserved 425984K
}
Event: 3.453 GC heap before
{Heap before GC invocations=6 (full 0):
 garbage-first heap   total 78848K, used 57629K [0x0000000080000000, 0x0000000100000000)
  region size 1024K, 30 young (30720K), 1 survivors (1024K)
 Metaspace       used 31309K, committed 31680K, reserved 491520K
  class space    used 4317K, committed 4480K, reserved 425984K
}
Event: 3.456 GC heap after
{Heap after GC invocations=7 (full 0):
 garbage-first heap   total 78848K, used 28941K [0x0000000080000000, 0x0000000100000000)
  region size 1024K, 4 young (4096K), 4 survivors (4096K)
 Metaspace       used 31309K, committed 31680K, reserved 491520K
  class space    used 4317K, committed 4480K, reserved 425984K
}
Event: 8.495 GC heap before
{Heap before GC invocations=7 (full 0):
 garbage-first heap   total 78848K, used 56589K [0x0000000080000000, 0x0000000100000000)
  region size 1024K, 31 young (31744K), 4 survivors (4096K)
 Metaspace       used 32350K, committed 32832K, reserved 491520K
  class space    used 4455K, committed 4672K, reserved 425984K
}
Event: 8.500 GC heap after
{Heap after GC invocations=8 (full 0):
 garbage-first heap   total 78848K, used 32076K [0x0000000080000000, 0x0000000100000000)
  region size 1024K, 4 young (4096K), 4 survivors (4096K)
 Metaspace       used 32350K, committed 32832K, reserved 491520K
  class space    used 4455K, committed 4672K, reserved 425984K
}
Event: 8.732 GC heap before
{Heap before GC invocations=8 (full 0):
 garbage-first heap   total 78848K, used 57676K [0x0000000080000000, 0x0000000100000000)
  region size 1024K, 29 young (29696K), 4 survivors (4096K)
 Metaspace       used 33885K, committed 34432K, reserved 491520K
  class space    used 4678K, committed 4928K, reserved 425984K
}
Event: 8.735 GC heap after
{Heap after GC invocations=9 (full 0):
 garbage-first heap   total 78848K, used 33595K [0x0000000080000000, 0x0000000100000000)
  region size 1024K, 2 young (2048K), 2 survivors (2048K)
 Metaspace       used 33885K, committed 34432K, reserved 491520K
  class space    used 4678K, committed 4928K, reserved 425984K
}
Event: 8.875 GC heap before
{Heap before GC invocations=9 (full 0):
 garbage-first heap   total 78848K, used 43835K [0x0000000080000000, 0x0000000100000000)
  region size 1024K, 13 young (13312K), 2 survivors (2048K)
 Metaspace       used 35538K, committed 35968K, reserved 491520K
  class space    used 4857K, committed 5056K, reserved 425984K
}
Event: 8.877 GC heap after
{Heap after GC invocations=10 (full 0):
 garbage-first heap   total 157696K, used 34474K [0x0000000080000000, 0x0000000100000000)
  region size 1024K, 3 young (3072K), 3 survivors (3072K)
 Metaspace       used 35538K, committed 35968K, reserved 491520K
  class space    used 4857K, committed 5056K, reserved 425984K
}
Event: 9.817 GC heap before
{Heap before GC invocations=11 (full 0):
 garbage-first heap   total 126976K, used 105130K [0x0000000080000000, 0x0000000100000000)
  region size 1024K, 71 young (72704K), 3 survivors (3072K)
 Metaspace       used 42277K, committed 42816K, reserved 491520K
  class space    used 5905K, committed 6144K, reserved 425984K
}
Event: 9.822 GC heap after
{Heap after GC invocations=12 (full 0):
 garbage-first heap   total 126976K, used 42247K [0x0000000080000000, 0x0000000100000000)
  region size 1024K, 8 young (8192K), 8 survivors (8192K)
 Metaspace       used 42277K, committed 42816K, reserved 491520K
  class space    used 5905K, committed 6144K, reserved 425984K
}
Event: 10.522 GC heap before
{Heap before GC invocations=12 (full 0):
 garbage-first heap   total 126976K, used 95495K [0x0000000080000000, 0x0000000100000000)
  region size 1024K, 56 young (57344K), 8 survivors (8192K)
 Metaspace       used 48434K, committed 49024K, reserved 491520K
  class space    used 6766K, committed 7040K, reserved 425984K
}
Event: 10.529 GC heap after
{Heap after GC invocations=13 (full 0):
 garbage-first heap   total 126976K, used 50785K [0x0000000080000000, 0x0000000100000000)
  region size 1024K, 5 young (5120K), 5 survivors (5120K)
 Metaspace       used 48434K, committed 49024K, reserved 491520K
  class space    used 6766K, committed 7040K, reserved 425984K
}

Dll operation events (12 events):
Event: 0.005 Loaded shared library C:\Program Files\Microsoft\jdk-17.0.8.7-hotspot\bin\java.dll
Event: 0.019 Loaded shared library C:\Program Files\Microsoft\jdk-17.0.8.7-hotspot\bin\jsvml.dll
Event: 0.048 Loaded shared library C:\Program Files\Microsoft\jdk-17.0.8.7-hotspot\bin\net.dll
Event: 0.049 Loaded shared library C:\Program Files\Microsoft\jdk-17.0.8.7-hotspot\bin\nio.dll
Event: 0.052 Loaded shared library C:\Program Files\Microsoft\jdk-17.0.8.7-hotspot\bin\zip.dll
Event: 0.181 Loaded shared library C:\Program Files\Microsoft\jdk-17.0.8.7-hotspot\bin\jimage.dll
Event: 0.232 Loaded shared library C:\Program Files\Microsoft\jdk-17.0.8.7-hotspot\bin\verify.dll
Event: 0.352 Loaded shared library C:\Users\Shahzar\.gradle\native\68d5fa5c4cc2d200863cafc0d521ce42e7d3e7ee720ec0a83991735586a16f82\windows-amd64\native-platform.dll
Event: 0.368 Loaded shared library C:\Users\Shahzar\.gradle\native\e376f236ea51e6404a007f0833ffe2c6e607c4080706a723a18a27aeea778392\windows-amd64\native-platform-file-events.dll
Event: 1.106 Loaded shared library C:\Program Files\Microsoft\jdk-17.0.8.7-hotspot\bin\management.dll
Event: 1.108 Loaded shared library C:\Program Files\Microsoft\jdk-17.0.8.7-hotspot\bin\management_ext.dll
Event: 1.395 Loaded shared library C:\Program Files\Microsoft\jdk-17.0.8.7-hotspot\bin\sunmscapi.dll

Deoptimization events (20 events):
Event: 10.581 Thread 0x0000021de4c7e9d0 Uncommon trap: trap_request=0xffffffbe fr.pc=0x0000021dd5e6e0e0 relative=0x0000000000000c40
Event: 10.581 Thread 0x0000021de4c7e9d0 Uncommon trap: reason=profile_predicate action=maybe_recompile pc=0x0000021dd5e6e0e0 method=java.util.TreeMap.getEntryUsingComparator(Ljava/lang/Object;)Ljava/util/TreeMap$Entry; @ 19 c2
Event: 10.581 Thread 0x0000021de4c7e9d0 DEOPT PACKING pc=0x0000021dd5e6e0e0 sp=0x0000006c9d5f6130
Event: 10.581 Thread 0x0000021de4c7e9d0 DEOPT UNPACKING pc=0x0000021dd58869a3 sp=0x0000006c9d5f6050 mode 2
Event: 10.593 Thread 0x0000021de4c7e9d0 Uncommon trap: trap_request=0xffffff45 fr.pc=0x0000021dd60d3998 relative=0x00000000000002d8
Event: 10.593 Thread 0x0000021de4c7e9d0 Uncommon trap: reason=unstable_if action=reinterpret pc=0x0000021dd60d3998 method=org.gradle.internal.instantiation.generator.AbstractClassGenerator$InjectionAnnotationValidator.validateMethod(Ljava/lang/reflect/Method;Lorg/gradle/internal/reflect/Propert
Event: 10.593 Thread 0x0000021de4c7e9d0 DEOPT PACKING pc=0x0000021dd60d3998 sp=0x0000006c9d5f5eb0
Event: 10.593 Thread 0x0000021de4c7e9d0 DEOPT UNPACKING pc=0x0000021dd58869a3 sp=0x0000006c9d5f5e60 mode 2
Event: 10.593 Thread 0x0000021de4c7e9d0 Uncommon trap: trap_request=0xffffffde fr.pc=0x0000021dd5df6990 relative=0x0000000000000410
Event: 10.593 Thread 0x0000021de4c7e9d0 Uncommon trap: reason=class_check action=maybe_recompile pc=0x0000021dd5df6990 method=org.gradle.internal.instantiation.generator.AbstractClassGenerator$InjectionAnnotationValidator.validateMethod(Ljava/lang/reflect/Method;Lorg/gradle/internal/reflect/Pro
Event: 10.593 Thread 0x0000021de4c7e9d0 DEOPT PACKING pc=0x0000021dd5df6990 sp=0x0000006c9d5f5de0
Event: 10.593 Thread 0x0000021de4c7e9d0 DEOPT UNPACKING pc=0x0000021dd58869a3 sp=0x0000006c9d5f5db0 mode 2
Event: 10.597 Thread 0x0000021de4c7e9d0 Uncommon trap: trap_request=0xffffffc6 fr.pc=0x0000021dd5fea4d8 relative=0x00000000000039f8
Event: 10.597 Thread 0x0000021de4c7e9d0 Uncommon trap: reason=bimorphic_or_optimized_type_check action=maybe_recompile pc=0x0000021dd5fea4d8 method=java.util.AbstractCollection.addAll(Ljava/util/Collection;)Z @ 29 c2
Event: 10.597 Thread 0x0000021de4c7e9d0 DEOPT PACKING pc=0x0000021dd5fea4d8 sp=0x0000006c9d5f6bb0
Event: 10.597 Thread 0x0000021de4c7e9d0 DEOPT UNPACKING pc=0x0000021dd58869a3 sp=0x0000006c9d5f6ba0 mode 2
Event: 10.602 Thread 0x0000021de4c7e9d0 Uncommon trap: trap_request=0xffffffc6 fr.pc=0x0000021dd5fea4d8 relative=0x00000000000039f8
Event: 10.602 Thread 0x0000021de4c7e9d0 Uncommon trap: reason=bimorphic_or_optimized_type_check action=maybe_recompile pc=0x0000021dd5fea4d8 method=java.util.AbstractCollection.addAll(Ljava/util/Collection;)Z @ 29 c2
Event: 10.602 Thread 0x0000021de4c7e9d0 DEOPT PACKING pc=0x0000021dd5fea4d8 sp=0x0000006c9d5f6bb0
Event: 10.602 Thread 0x0000021de4c7e9d0 DEOPT UNPACKING pc=0x0000021dd58869a3 sp=0x0000006c9d5f6ba0 mode 2

Classes unloaded (0 events):
No events

Classes redefined (0 events):
No events

Internal exceptions (20 events):
Event: 9.963 Thread 0x0000021de4c7e9d0 Exception <a 'java/lang/IncompatibleClassChangeError'{0x0000000087312158}: Found class java.lang.Object, but interface was expected> (0x0000000087312158) 
thrown [s\src\hotspot\share\interpreter\linkResolver.cpp, line 826]
Event: 10.063 Thread 0x0000021de4c7e9d0 Exception <a 'java/lang/NoSuchMethodError'{0x0000000086ee9468}: 'java.lang.Object java.lang.invoke.DirectMethodHandle$Holder.newInvokeSpecial(java.lang.Object, java.lang.Object, java.lang.Object, java.lang.Object, int)'> (0x0000000086ee9468) 
thrown [s\src\hotspot\share\interpreter\linkResolver.cpp, line 759]
Event: 10.064 Thread 0x0000021de4c7e9d0 Exception <a 'java/lang/NoSuchMethodError'{0x0000000086eee960}: 'java.lang.Object java.lang.invoke.DirectMethodHandle$Holder.invokeSpecial(java.lang.Object, java.lang.Object, java.lang.Object, java.lang.Object, java.lang.Object, int)'> (0x0000000086eee960) 
thrown [s\src\hotspot\share\interpreter\linkResolver.cpp, line 759]
Event: 10.064 Thread 0x0000021de4c7e9d0 Exception <a 'java/lang/NoSuchMethodError'{0x0000000086ef36e0}: 'java.lang.Object java.lang.invoke.Invokers$Holder.linkToTargetMethod(java.lang.Object, java.lang.Object, java.lang.Object, int, java.lang.Object)'> (0x0000000086ef36e0) 
thrown [s\src\hotspot\share\interpreter\linkResolver.cpp, line 759]
Event: 10.259 Thread 0x0000021de4c7e9d0 Implicit null exception at 0x0000021dd609b5d4 to 0x0000021dd609b77c
Event: 10.259 Thread 0x0000021de4c7e9d0 Implicit null exception at 0x0000021dd6061c3b to 0x0000021dd6062290
Event: 10.368 Thread 0x0000021de4c7e9d0 Exception <a 'java/lang/NoSuchMethodError'{0x00000000858d5d50}: 'java.lang.Object java.lang.invoke.DirectMethodHandle$Holder.invokeSpecial(java.lang.Object, java.lang.Object, int, java.lang.Object, java.lang.Object, java.lang.Object)'> (0x00000000858d5d50) 
thrown [s\src\hotspot\share\interpreter\linkResolver.cpp, line 759]
Event: 10.468 Thread 0x0000021de4c7e9d0 Exception <a 'java/lang/ClassNotFoundException'{0x0000000085095da8}: org/gradle/api/plugins/internal/DefaultBasePluginConvention_DecoratedBeanInfo> (0x0000000085095da8) 
thrown [s\src\hotspot\share\classfile\systemDictionary.cpp, line 256]
Event: 10.469 Thread 0x0000021de4c7e9d0 Exception <a 'java/lang/ClassNotFoundException'{0x00000000850aff80}: org/gradle/api/plugins/internal/DefaultBasePluginConventionBeanInfo> (0x00000000850aff80) 
thrown [s\src\hotspot\share\classfile\systemDictionary.cpp, line 256]
Event: 10.469 Thread 0x0000021de4c7e9d0 Exception <a 'java/lang/ClassNotFoundException'{0x00000000850c9b68}: org/gradle/api/plugins/BasePluginConventionBeanInfo> (0x00000000850c9b68) 
thrown [s\src\hotspot\share\classfile\systemDictionary.cpp, line 256]
Event: 10.470 Thread 0x0000021de4c7e9d0 Exception <a 'java/lang/ClassNotFoundException'{0x00000000850e3718}: org/gradle/api/plugins/BasePluginConventionCustomizer> (0x00000000850e3718) 
thrown [s\src\hotspot\share\classfile\systemDictionary.cpp, line 256]
Event: 10.471 Thread 0x0000021de4c7e9d0 Exception <a 'java/lang/ClassNotFoundException'{0x0000000084f07e98}: org/gradle/api/plugins/internal/DefaultBasePluginConventionCustomizer> (0x0000000084f07e98) 
thrown [s\src\hotspot\share\classfile\systemDictionary.cpp, line 256]
Event: 10.472 Thread 0x0000021de4c7e9d0 Exception <a 'java/lang/ClassNotFoundException'{0x0000000084f34508}: org/gradle/api/plugins/internal/DefaultBasePluginConvention_DecoratedCustomizer> (0x0000000084f34508) 
thrown [s\src\hotspot\share\classfile\systemDictionary.cpp, line 256]
Event: 10.475 Thread 0x0000021de4c7e9d0 Exception <a 'java/lang/ClassNotFoundException'{0x0000000084fa7a28}: org/gradle/api/plugins/internal/DefaultJavaPluginConvention_DecoratedBeanInfo> (0x0000000084fa7a28) 
thrown [s\src\hotspot\share\classfile\systemDictionary.cpp, line 256]
Event: 10.476 Thread 0x0000021de4c7e9d0 Exception <a 'java/lang/ClassNotFoundException'{0x0000000084fc1c00}: org/gradle/api/plugins/internal/DefaultJavaPluginConventionBeanInfo> (0x0000000084fc1c00) 
thrown [s\src\hotspot\share\classfile\systemDictionary.cpp, line 256]
Event: 10.477 Thread 0x0000021de4c7e9d0 Exception <a 'java/lang/ClassNotFoundException'{0x0000000084fdb7e8}: org/gradle/api/plugins/JavaPluginConventionBeanInfo> (0x0000000084fdb7e8) 
thrown [s\src\hotspot\share\classfile\systemDictionary.cpp, line 256]
Event: 10.477 Thread 0x0000021de4c7e9d0 Exception <a 'java/lang/ClassNotFoundException'{0x0000000084ff5398}: org/gradle/api/plugins/JavaPluginConventionCustomizer> (0x0000000084ff5398) 
thrown [s\src\hotspot\share\classfile\systemDictionary.cpp, line 256]
Event: 10.478 Thread 0x0000021de4c7e9d0 Exception <a 'java/lang/ClassNotFoundException'{0x0000000084e23780}: org/gradle/api/plugins/internal/DefaultJavaPluginConventionCustomizer> (0x0000000084e23780) 
thrown [s\src\hotspot\share\classfile\systemDictionary.cpp, line 256]
Event: 10.480 Thread 0x0000021de4c7e9d0 Exception <a 'java/lang/ClassNotFoundException'{0x0000000084e63fe0}: org/gradle/api/plugins/internal/DefaultJavaPluginConvention_DecoratedCustomizer> (0x0000000084e63fe0) 
thrown [s\src\hotspot\share\classfile\systemDictionary.cpp, line 256]
Event: 10.580 Thread 0x0000021de4c7e9d0 Exception <a 'java/lang/NoSuchMethodError'{0x0000000087737548}: 'int java.lang.invoke.DirectMethodHandle$Holder.invokeInterface(java.lang.Object, java.lang.Object, java.lang.Object, java.lang.Object)'> (0x0000000087737548) 
thrown [s\src\hotspot\share\interpreter\linkResolver.cpp, line 759]

VM Operations (20 events):
Event: 9.783 Executing VM operation: HandshakeAllThreads
Event: 9.784 Executing VM operation: HandshakeAllThreads done
Event: 9.788 Executing VM operation: ICBufferFull
Event: 9.788 Executing VM operation: ICBufferFull done
Event: 9.817 Executing VM operation: G1CollectForAllocation
Event: 9.822 Executing VM operation: G1CollectForAllocation done
Event: 9.927 Executing VM operation: HandshakeAllThreads
Event: 9.927 Executing VM operation: HandshakeAllThreads done
Event: 9.942 Executing VM operation: HandshakeAllThreads
Event: 9.943 Executing VM operation: HandshakeAllThreads done
Event: 9.962 Executing VM operation: HandshakeAllThreads
Event: 9.962 Executing VM operation: HandshakeAllThreads done
Event: 10.214 Executing VM operation: ICBufferFull
Event: 10.214 Executing VM operation: ICBufferFull done
Event: 10.522 Executing VM operation: G1CollectForAllocation
Event: 10.529 Executing VM operation: G1CollectForAllocation done
Event: 10.573 Executing VM operation: HandshakeAllThreads
Event: 10.574 Executing VM operation: HandshakeAllThreads done
Event: 10.579 Executing VM operation: HandshakeAllThreads
Event: 10.579 Executing VM operation: HandshakeAllThreads done

Events (20 events):
Event: 10.247 loading class com/sun/org/apache/xerces/internal/utils/XMLSecurityPropertyManager$Property done
Event: 10.257 loading class javax/management/InstanceNotFoundException
Event: 10.257 loading class javax/management/InstanceNotFoundException done
Event: 10.257 loading class javax/management/ReflectionException
Event: 10.257 loading class javax/management/ReflectionException done
Event: 10.257 loading class javax/management/MalformedObjectNameException
Event: 10.257 loading class javax/management/MalformedObjectNameException done
Event: 10.257 loading class javax/management/MBeanException
Event: 10.257 loading class javax/management/MBeanException done
Event: 10.257 loading class javax/management/AttributeNotFoundException
Event: 10.257 loading class javax/management/AttributeNotFoundException done
Event: 10.258 loading class sun/reflect/misc/MethodUtil
Event: 10.258 loading class sun/reflect/misc/MethodUtil done
Event: 10.258 loading class sun/reflect/misc/MethodUtil$1
Event: 10.258 loading class sun/reflect/misc/MethodUtil$1 done
Event: 10.262 Thread 0x0000021da15a5510 Thread added: 0x0000021da15a5510
Event: 10.265 loading class java/lang/Byte$ByteCache
Event: 10.265 loading class java/lang/Byte$ByteCache done
Event: 10.299 loading class java/util/regex/Pattern$SliceI
Event: 10.299 loading class java/util/regex/Pattern$SliceI done


Dynamic libraries:
0x00007ff603d00000 - 0x00007ff603d0e000 	C:\Program Files\Microsoft\jdk-17.0.8.7-hotspot\bin\java.exe
0x00007fff189d0000 - 0x00007fff18bc8000 	C:\Windows\SYSTEM32\ntdll.dll
0x00007fff17c80000 - 0x00007fff17d3d000 	C:\Windows\System32\KERNEL32.DLL
0x00007fff16200000 - 0x00007fff164f6000 	C:\Windows\System32\KERNELBASE.dll
0x00007fff165c0000 - 0x00007fff166c0000 	C:\Windows\System32\ucrtbase.dll
0x00007fff134d0000 - 0x00007fff134eb000 	C:\Program Files\Microsoft\jdk-17.0.8.7-hotspot\bin\VCRUNTIME140.dll
0x00007fff134b0000 - 0x00007fff134c7000 	C:\Program Files\Microsoft\jdk-17.0.8.7-hotspot\bin\jli.dll
0x00007fff16a10000 - 0x00007fff16baf000 	C:\Windows\System32\USER32.dll
0x00007fff16770000 - 0x00007fff16792000 	C:\Windows\System32\win32u.dll
0x00007ffeffa70000 - 0x00007ffeffd0a000 	C:\Windows\WinSxS\amd64_microsoft.windows.common-controls_6595b64144ccf1df_6.0.19041.4355_none_60b8b9eb71f62e16\COMCTL32.dll
0x00007fff16ed0000 - 0x00007fff16efb000 	C:\Windows\System32\GDI32.dll
0x00007fff184b0000 - 0x00007fff1854e000 	C:\Windows\System32\msvcrt.dll
0x00007fff160e0000 - 0x00007fff161f7000 	C:\Windows\System32\gdi32full.dll
0x00007fff16810000 - 0x00007fff168ad000 	C:\Windows\System32\msvcp_win.dll
0x00007fff18680000 - 0x00007fff186af000 	C:\Windows\System32\IMM32.DLL
0x00007fff134a0000 - 0x00007fff134ac000 	C:\Program Files\Microsoft\jdk-17.0.8.7-hotspot\bin\vcruntime140_1.dll
0x00007fff0e0c0000 - 0x00007fff0e14d000 	C:\Program Files\Microsoft\jdk-17.0.8.7-hotspot\bin\msvcp140.dll
0x00007ffedb4b0000 - 0x00007ffedc115000 	C:\Program Files\Microsoft\jdk-17.0.8.7-hotspot\bin\server\jvm.dll
0x00007fff16f60000 - 0x00007fff17010000 	C:\Windows\System32\ADVAPI32.dll
0x00007fff18550000 - 0x00007fff185f0000 	C:\Windows\System32\sechost.dll
0x00007fff17020000 - 0x00007fff17143000 	C:\Windows\System32\RPCRT4.dll
0x00007fff16590000 - 0x00007fff165b7000 	C:\Windows\System32\bcrypt.dll
0x00007fff13490000 - 0x00007fff13499000 	C:\Windows\SYSTEM32\WSOCK32.dll
0x00007ffefceb0000 - 0x00007ffefced7000 	C:\Windows\SYSTEM32\WINMM.dll
0x00007fff17ec0000 - 0x00007fff17f2b000 	C:\Windows\System32\WS2_32.dll
0x00007fff15ee0000 - 0x00007fff15f2b000 	C:\Windows\SYSTEM32\POWRPROF.dll
0x00007fff147b0000 - 0x00007fff147ba000 	C:\Windows\SYSTEM32\VERSION.dll
0x00007fff15ec0000 - 0x00007fff15ed2000 	C:\Windows\SYSTEM32\UMPDC.dll
0x00007fff148c0000 - 0x00007fff148d2000 	C:\Windows\SYSTEM32\kernel.appcore.dll
0x00007fff13480000 - 0x00007fff1348a000 	C:\Program Files\Microsoft\jdk-17.0.8.7-hotspot\bin\jimage.dll
0x00007fff00ee0000 - 0x00007fff010c4000 	C:\Windows\SYSTEM32\DBGHELP.DLL
0x00007fff00ea0000 - 0x00007fff00ed4000 	C:\Windows\SYSTEM32\dbgcore.DLL
0x00007fff16500000 - 0x00007fff16582000 	C:\Windows\System32\bcryptPrimitives.dll
0x00007fff0ef50000 - 0x00007fff0ef75000 	C:\Program Files\Microsoft\jdk-17.0.8.7-hotspot\bin\java.dll
0x00007ffedb3d0000 - 0x00007ffedb4a7000 	C:\Program Files\Microsoft\jdk-17.0.8.7-hotspot\bin\jsvml.dll
0x00007fff17510000 - 0x00007fff17c7a000 	C:\Windows\System32\SHELL32.dll
0x00007fff14010000 - 0x00007fff147ad000 	C:\Windows\SYSTEM32\windows.storage.dll
0x00007fff17150000 - 0x00007fff174a3000 	C:\Windows\System32\combase.dll
0x00007fff159e0000 - 0x00007fff15a0e000 	C:\Windows\SYSTEM32\Wldp.dll
0x00007fff16df0000 - 0x00007fff16ebd000 	C:\Windows\System32\OLEAUT32.dll
0x00007fff16bb0000 - 0x00007fff16c5d000 	C:\Windows\System32\SHCORE.dll
0x00007fff174b0000 - 0x00007fff17505000 	C:\Windows\System32\shlwapi.dll
0x00007fff15fc0000 - 0x00007fff15fe4000 	C:\Windows\SYSTEM32\profapi.dll
0x00007fff0ef30000 - 0x00007fff0ef49000 	C:\Program Files\Microsoft\jdk-17.0.8.7-hotspot\bin\net.dll
0x00007fff0f690000 - 0x00007fff0f79a000 	C:\Windows\SYSTEM32\WINHTTP.dll
0x00007fff15740000 - 0x00007fff157aa000 	C:\Windows\system32\mswsock.dll
0x00007fff0e590000 - 0x00007fff0e5a6000 	C:\Program Files\Microsoft\jdk-17.0.8.7-hotspot\bin\nio.dll
0x00007fff0e570000 - 0x00007fff0e588000 	C:\Program Files\Microsoft\jdk-17.0.8.7-hotspot\bin\zip.dll
0x00007fff13470000 - 0x00007fff13480000 	C:\Program Files\Microsoft\jdk-17.0.8.7-hotspot\bin\verify.dll
0x00007fff0e2c0000 - 0x00007fff0e2e7000 	C:\Users\Shahzar\.gradle\native\68d5fa5c4cc2d200863cafc0d521ce42e7d3e7ee720ec0a83991735586a16f82\windows-amd64\native-platform.dll
0x00007ffedb280000 - 0x00007ffedb3c4000 	C:\Users\Shahzar\.gradle\native\e376f236ea51e6404a007f0833ffe2c6e607c4080706a723a18a27aeea778392\windows-amd64\native-platform-file-events.dll
0x00007fff11980000 - 0x00007fff11989000 	C:\Program Files\Microsoft\jdk-17.0.8.7-hotspot\bin\management.dll
0x00007fff0efa0000 - 0x00007fff0efab000 	C:\Program Files\Microsoft\jdk-17.0.8.7-hotspot\bin\management_ext.dll
0x00007fff18670000 - 0x00007fff18678000 	C:\Windows\System32\PSAPI.DLL
0x00007fff15930000 - 0x00007fff15948000 	C:\Windows\SYSTEM32\CRYPTSP.dll
0x00007fff15060000 - 0x00007fff15094000 	C:\Windows\system32\rsaenh.dll
0x00007fff15f70000 - 0x00007fff15f9e000 	C:\Windows\SYSTEM32\USERENV.dll
0x00007fff15950000 - 0x00007fff1595c000 	C:\Windows\SYSTEM32\CRYPTBASE.dll
0x00007fff15420000 - 0x00007fff1545b000 	C:\Windows\SYSTEM32\IPHLPAPI.DLL
0x00007fff17010000 - 0x00007fff17018000 	C:\Windows\System32\NSI.dll
0x00007fff105d0000 - 0x00007fff105e7000 	C:\Windows\SYSTEM32\dhcpcsvc6.DLL
0x00007fff10420000 - 0x00007fff1043d000 	C:\Windows\SYSTEM32\dhcpcsvc.DLL
0x00007fff15460000 - 0x00007fff1552a000 	C:\Windows\SYSTEM32\DNSAPI.dll
0x00007fff0ef00000 - 0x00007fff0ef0e000 	C:\Program Files\Microsoft\jdk-17.0.8.7-hotspot\bin\sunmscapi.dll
0x00007fff168b0000 - 0x00007fff16a0e000 	C:\Windows\System32\CRYPT32.dll
0x00007fff15a50000 - 0x00007fff15a79000 	C:\Windows\SYSTEM32\ncrypt.dll
0x00007fff15a10000 - 0x00007fff15a4b000 	C:\Windows\SYSTEM32\NTASN1.dll
0x00007ffee5fc0000 - 0x00007ffee5fc7000 	C:\Windows\system32\wshunix.dll

dbghelp: loaded successfully - version: 4.0.5 - missing functions: none
symbol engine: initialized successfully - sym options: 0x614 - pdb path: .;C:\Program Files\Microsoft\jdk-17.0.8.7-hotspot\bin;C:\Windows\SYSTEM32;C:\Windows\WinSxS\amd64_microsoft.windows.common-controls_6595b64144ccf1df_6.0.19041.4355_none_60b8b9eb71f62e16;C:\Program Files\Microsoft\jdk-17.0.8.7-hotspot\bin\server;C:\Users\Shahzar\.gradle\native\68d5fa5c4cc2d200863cafc0d521ce42e7d3e7ee720ec0a83991735586a16f82\windows-amd64;C:\Users\Shahzar\.gradle\native\e376f236ea51e6404a007f0833ffe2c6e607c4080706a723a18a27aeea778392\windows-amd64

VM Arguments:
jvm_args: -XX:MaxMetaspaceSize=512m --add-opens=java.base/java.util=ALL-UNNAMED --add-opens=java.base/java.lang=ALL-UNNAMED --add-opens=java.base/java.lang.invoke=ALL-UNNAMED --add-opens=java.prefs/java.util.prefs=ALL-UNNAMED --add-opens=java.base/java.nio.charset=ALL-UNNAMED --add-opens=java.base/java.net=ALL-UNNAMED --add-opens=java.base/java.util.concurrent.atomic=ALL-UNNAMED -Xmx2048m -Dfile.encoding=windows-1252 -Duser.country=US -Duser.language=en -Duser.variant 
java_command: org.gradle.launcher.daemon.bootstrap.GradleDaemon 8.0.1
java_class_path (initial): C:\Users\Shahzar\.gradle\wrapper\dists\gradle-8.0.1-all\aro4hu1c3oeioove7l0i4i14o\gradle-8.0.1\lib\gradle-launcher-8.0.1.jar
Launcher Type: SUN_STANDARD

[Global flags]
     intx CICompilerCount                          = 4                                         {product} {ergonomic}
   size_t CompressedClassSpaceSize                 = 436207616                                 {product} {ergonomic}
     uint ConcGCThreads                            = 2                                         {product} {ergonomic}
     uint G1ConcRefinementThreads                  = 8                                         {product} {ergonomic}
   size_t G1HeapRegionSize                         = 1048576                                   {product} {ergonomic}
    uintx GCDrainStackTargetSize                   = 64                                        {product} {ergonomic}
   size_t InitialHeapSize                          = 201326592                                 {product} {ergonomic}
   size_t MarkStackSize                            = 4194304                                   {product} {ergonomic}
   size_t MaxHeapSize                              = 2147483648                                {product} {command line}
   size_t MaxMetaspaceSize                         = 536870912                                 {product} {command line}
   size_t MaxNewSize                               = 1287651328                                {product} {ergonomic}
   size_t MinHeapDeltaBytes                        = 1048576                                   {product} {ergonomic}
   size_t MinHeapSize                              = 8388608                                   {product} {ergonomic}
    uintx NonNMethodCodeHeapSize                   = 5839372                                {pd product} {ergonomic}
    uintx NonProfiledCodeHeapSize                  = 122909434                              {pd product} {ergonomic}
    uintx ProfiledCodeHeapSize                     = 122909434                              {pd product} {ergonomic}
    uintx ReservedCodeCacheSize                    = 251658240                              {pd product} {ergonomic}
     bool SegmentedCodeCache                       = true                                      {product} {ergonomic}
   size_t SoftMaxHeapSize                          = 2147483648                             {manageable} {ergonomic}
     bool UseCompressedClassPointers               = true                           {product lp64_product} {ergonomic}
     bool UseCompressedOops                        = true                           {product lp64_product} {ergonomic}
     bool UseG1GC                                  = true                                      {product} {ergonomic}
     bool UseLargePagesIndividualAllocation        = false                                  {pd product} {ergonomic}

Logging:
Log output configuration:
 #0: stdout all=warning uptime,level,tags
 #1: stderr all=off uptime,level,tags

Environment Variables:
JAVA_HOME=C:\Program Files\Microsoft\jdk-17.0.8.7-hotspot\
CLASSPATH=D:\arbitech_user\android\\gradle\wrapper\gradle-wrapper.jar
PATH=D:\arbitech_user\node_modules\.bin;D:\arbitech_user\node_modules\.bin;D:\node_modules\.bin;C:\Users\Shahzar\AppData\Roaming\npm\node_modules\npm\node_modules\@npmcli\run-script\lib\node-gyp-bin;D:\arbitech_user\node_modules\.bin;D:\node_modules\.bin;C:\Users\Shahzar\AppData\Roaming\npm\node_modules\npm\node_modules\@npmcli\run-script\lib\node-gyp-bin;C:\Program Files\Microsoft\jdk-17.0.8.7-hotspot\bin;C:\Windows\system32;C:\Windows;C:\Windows\System32\Wbem;C:\Windows\System32\WindowsPowerShell\v1.0\;C:\Windows\System32\OpenSSH\;C:\ProgramData\chocolatey\bin;C:\Program Files\nodejs\;C:\Program Files\Git\cmd;C:\Users\Shahzar\AppData\Local\Microsoft\WindowsApps;C:\Users\Shahzar\AppData\Local\Android\Sdk\platform-tools;C:\Users\Shahzar\AppData\Roaming\npm;C:\Users\Shahzar\AppData\Local\Programs\Microsoft VS Code\bin;C:\Users\Shahzar\AppData\Local\GitHubDesktop\bin
USERNAME=Shahzar
OS=Windows_NT
PROCESSOR_IDENTIFIER=Intel64 Family 6 Model 60 Stepping 3, GenuineIntel
TMP=C:\Users\Shahzar\AppData\Local\Temp
TEMP=C:\Users\Shahzar\AppData\Local\Temp



---------------  S Y S T E M  ---------------

OS:
 Windows 10 , 64 bit Build 19041 (10.0.19041.3636)
OS uptime: 0 days 0:01 hours

CPU: total 8 (initial active 8) (4 cores per cpu, 2 threads per core) family 6 model 60 stepping 3 microcode 0x27, cx8, cmov, fxsr, ht, mmx, sse, sse2, sse3, ssse3, sse4.1, sse4.2, popcnt, lzcnt, tsc, tscinvbit, avx, avx2, aes, erms, clmul, bmi1, bmi2, fma, vzeroupper, clflush
Processor Information for all 8 processors :
  Max Mhz: 3601, Current Mhz: 3601, Mhz Limit: 3601

Memory: 4k page, system-wide physical 12196M (8672M free)
TotalPageFile size 24484M (AvailPageFile size 20901M)
current process WorkingSet (physical memory assigned to process): 305M, peak: 307M
current process commit charge ("private bytes"): 349M, peak: 386M

vm_info: OpenJDK 64-Bit Server VM (17.0.8+7-LTS) for windows-amd64 JRE (17.0.8+7-LTS), built on Jul  7 2023 17:21:55 by "MicrosoftCorporation" with MS VC++ 16.10 / 16.11 (VS2019)

END.
